
> frontend@0.0.0 dev
> vite

[2m22:04:13[22m [36m[1m[vite][22m[39m [90m[2m(client)[22m[39m Re-optimizing dependencies because vite config has changed
Port 5173 is in use, trying another one...

  [32m[1mVITE[22m v8.0.3[39m  [2mready in [0m[1m341[22m[2m[0m ms[22m

  [32m➜[39m  [1mLocal[22m:   [36mhttp://localhost:[1m5174[22m/[39m
[2m  [32m➜[39m  [1mNetwork[22m[2m: use [22m[1m--host[22m[2m to expose[22m
[2m[32m  ➜[39m[22m[2m  press [22m[1mh + enter[22m[2m to show help[22m

> frontend@0.0.0 dev
> vite


  [32m[1mVITE[22m v8.0.3[39m  [2mready in [0m[1m268[22m[2m[0m ms[22m

  [32m➜[39m  [1mLocal[22m:   [36mhttp://localhost:[1m5173[22m/[39m
[2m  [32m➜[39m  [1mNetwork[22m[2m: use [22m[1m--host[22m[2m to expose[22m
[2m[32m  ➜[39m[22m[2m  press [22m[1mh + enter[22m[2m to show help[22m
[2m22:14:03[22m [36m[1m[vite][22m[39m [90m[2m(client)[22m[39m [32mhmr update [39m[2m/src/index.css[22m
[33m[vite:css][postcss] @import must precede all other statements (besides @charset or empty @layer)
2044 |    }
2045 |  }
2046 |  @import url('https://fonts.googleapis.com/css2?family=Inter:wght@300;400;500;600;700;800&family=Outfit:wght@300;400;5...
     |  ^^^^^^^^^^^^^^^^^^^^^^^^^^^^^^^^^^^^^^^^^^^^^^^^^^^^^^^^^^^^^^^^^^^^^^^^^^^^^^^^^^^^^^^^^^^^^^^^^^^^^^^^^^^^^^^^^^^^^^^^
2047 |  :root {
2048 |    font-family: 'Inter', system-ui, -apple-system, sans-serif;[39m
[2m22:14:10[22m [36m[1m[vite][22m[39m [90m[2m(client)[22m[39m [32mhmr update [39m[2m/src/App.jsx, /src/index.css[22m
[33m[vite:css][postcss] @import must precede all other statements (besides @charset or empty @layer)
2061 |    }
2062 |  }
2063 |  @import url('https://fonts.googleapis.com/css2?family=Inter:wght@300;400;500;600;700;800&family=Outfit:wght@300;400;5...
     |  ^^^^^^^^^^^^^^^^^^^^^^^^^^^^^^^^^^^^^^^^^^^^^^^^^^^^^^^^^^^^^^^^^^^^^^^^^^^^^^^^^^^^^^^^^^^^^^^^^^^^^^^^^^^^^^^^^^^^^^^^
2064 |  :root {
2065 |    font-family: 'Inter', system-ui, -apple-system, sans-serif;[39m
[2m22:14:32[22m [36m[1m[vite][22m[39m [90m[2m(client)[22m[39m [32mhmr update [39m[2m/src/index.css, /src/components/ChatTerminal.jsx[22m
[33m[vite:css][postcss] @import must precede all other statements (besides @charset or empty @layer)
2064 |    }
2065 |  }
2066 |  @import url('https://fonts.googleapis.com/css2?family=Inter:wght@300;400;500;600;700;800&family=Outfit:wght@300;400;5...
     |  ^^^^^^^^^^^^^^^^^^^^^^^^^^^^^^^^^^^^^^^^^^^^^^^^^^^^^^^^^^^^^^^^^^^^^^^^^^^^^^^^^^^^^^^^^^^^^^^^^^^^^^^^^^^^^^^^^^^^^^^^
2067 |  :root {
2068 |    font-family: 'Inter', system-ui, -apple-system, sans-serif;[39m
[2m22:14:39[22m [36m[1m[vite][22m[39m [90m[2m(client)[22m[39m [32mhmr update [39m[2m/src/index.css, /src/components/ChatTerminal.jsx[22m
[33m[vite:css][postcss] @import must precede all other statements (besides @charset or empty @layer)
2105 |    }
2106 |  }
2107 |  @import url('https://fonts.googleapis.com/css2?family=Inter:wght@300;400;500;600;700;800&family=Outfit:wght@300;400;5...
     |  ^^^^^^^^^^^^^^^^^^^^^^^^^^^^^^^^^^^^^^^^^^^^^^^^^^^^^^^^^^^^^^^^^^^^^^^^^^^^^^^^^^^^^^^^^^^^^^^^^^^^^^^^^^^^^^^^^^^^^^^^
2108 |  :root {
2109 |    font-family: 'Inter', system-ui, -apple-system, sans-serif;[39m
[2m22:14:47[22m [36m[1m[vite][22m[39m [90m[2m(client)[22m[39m [32mhmr update [39m[2m/src/index.css, /src/components/Dashboard.jsx[22m
[33m[vite:css][postcss] @import must precede all other statements (besides @charset or empty @layer)
2128 |    }
2129 |  }
2130 |  @import url('https://fonts.googleapis.com/css2?family=Inter:wght@300;400;500;600;700;800&family=Outfit:wght@300;400;5...
     |  ^^^^^^^^^^^^^^^^^^^^^^^^^^^^^^^^^^^^^^^^^^^^^^^^^^^^^^^^^^^^^^^^^^^^^^^^^^^^^^^^^^^^^^^^^^^^^^^^^^^^^^^^^^^^^^^^^^^^^^^^
2131 |  :root {
2132 |    font-family: 'Inter', system-ui, -apple-system, sans-serif;[39m

> frontend@0.0.0 dev
> vite


  [32m[1mVITE[22m v8.0.3[39m  [2mready in [0m[1m287[22m[2m[0m ms[22m

  [32m➜[39m  [1mLocal[22m:   [36mhttp://localhost:[1m5173[22m/[39m
[2m  [32m➜[39m  [1mNetwork[22m[2m: use [22m[1m--host[22m[2m to expose[22m
[2m[32m  ➜[39m[22m[2m  press [22m[1mh + enter[22m[2m to show help[22m
[33m[vite:css][postcss] @import must precede all other statements (besides @charset or empty @layer)
2108 |    }
2109 |  }
2110 |  @import url('https://fonts.googleapis.com/css2?family=Inter:wght@300;400;500;600;700;800&family=Outfit:wght@300;400;5...
     |  ^^^^^^^^^^^^^^^^^^^^^^^^^^^^^^^^^^^^^^^^^^^^^^^^^^^^^^^^^^^^^^^^^^^^^^^^^^^^^^^^^^^^^^^^^^^^^^^^^^^^^^^^^^^^^^^^^^^^^^^^
2111 |  :root {
2112 |    font-family: 'Inter', system-ui, -apple-system, sans-serif;[39m
[2m22:20:03[22m [36m[1m[vite][22m[39m [90m[2m(client)[22m[39m [32mpage reload [39m[2msrc/main.jsx[22m
[33m[vite:css][postcss] @import must precede all other statements (besides @charset or empty @layer)
2108 |    }
2109 |  }
2110 |  @import url('https://fonts.googleapis.com/css2?family=Inter:wght@300;400;500;600;700;800&family=Outfit:wght@300;400;5...
     |  ^^^^^^^^^^^^^^^^^^^^^^^^^^^^^^^^^^^^^^^^^^^^^^^^^^^^^^^^^^^^^^^^^^^^^^^^^^^^^^^^^^^^^^^^^^^^^^^^^^^^^^^^^^^^^^^^^^^^^^^^
2111 |  :root {
2112 |    font-family: 'Inter', system-ui, -apple-system, sans-serif;[39m
[2m22:20:15[22m [36m[1m[vite][22m[39m [90m[2m(client)[22m[39m [32mhmr update [39m[2m/src/components/ChatTerminal.jsx, /src/index.css[22m
[2m22:20:15[22m [31m[1m[vite][22m[39m [31mInternal server error: Transform failed with 1 error:

[31m[PARSE_ERROR] Error:[0m Identifier `fetchSessions` has already been declared
    [38;5;246m╭[0m[38;5;246m─[0m[38;5;246m[[0m src/components/ChatTerminal.jsx:34:5 [38;5;246m][0m
    [38;5;246m│[0m
 [38;5;246m34 │[0m [38;5;249m [0m[38;5;249m [0m[38;5;249m [0m[38;5;249m [0mfetchSessions[38;5;249m,[0m
 [38;5;240m   │[0m     ──────┬──────  
 [38;5;240m   │[0m           ╰──────── `fetchSessions` has already been declared here
 [38;5;240m   │[0m 
 [38;5;246m52 │[0m [38;5;249m [0m[38;5;249m [0m[38;5;249mc[0m[38;5;249mo[0m[38;5;249mn[0m[38;5;249ms[0m[38;5;249mt[0m[38;5;249m [0mfetchSessions[38;5;249m [0m[38;5;249m=[0m[38;5;249m [0m[38;5;249ma[0m[38;5;249ms[0m[38;5;249my[0m[38;5;249mn[0m[38;5;249mc[0m[38;5;249m [0m[38;5;249m([0m[38;5;249m)[0m[38;5;249m [0m[38;5;249m=[0m[38;5;249m>[0m[38;5;249m [0m[38;5;249m{[0m
 [38;5;240m   │[0m         ──────┬──────  
 [38;5;240m   │[0m               ╰──────── It can not be redeclared here
[38;5;246m────╯[0m
[39m
  Plugin: [35mvite:oxc[39m
  File: [36mD:/dev/agent/frontend/src/components/ChatTerminal.jsx[39m
      at transformWithOxc (file:///D:/dev/agent/frontend/node_modules/vite/dist/node/chunks/node.js:3720:19)
      at TransformPluginContext.transform (file:///D:/dev/agent/frontend/node_modules/vite/dist/node/chunks/node.js:3788:26)
      at EnvironmentPluginContainer.transform (file:///D:/dev/agent/frontend/node_modules/vite/dist/node/chunks/node.js:30048:51)
      at async loadAndTransform (file:///D:/dev/agent/frontend/node_modules/vite/dist/node/chunks/node.js:24177:26)
      at async viteTransformMiddleware (file:///D:/dev/agent/frontend/node_modules/vite/dist/node/chunks/node.js:24986:20)
[33m[vite:css][postcss] @import must precede all other statements (besides @charset or empty @layer)
2108 |    }
2109 |  }
2110 |  @import url('https://fonts.googleapis.com/css2?family=Inter:wght@300;400;500;600;700;800&family=Outfit:wght@300;400;5...
     |  ^^^^^^^^^^^^^^^^^^^^^^^^^^^^^^^^^^^^^^^^^^^^^^^^^^^^^^^^^^^^^^^^^^^^^^^^^^^^^^^^^^^^^^^^^^^^^^^^^^^^^^^^^^^^^^^^^^^^^^^^
2111 |  :root {
2112 |    font-family: 'Inter', system-ui, -apple-system, sans-serif;[39m
[2m22:20:21[22m [36m[1m[vite][22m[39m [90m[2m(client)[22m[39m [32mhmr update [39m[2m/src/components/ChatTerminal.jsx, /src/index.css[22m
[33m[vite:css][postcss] @import must precede all other statements (besides @charset or empty @layer)
2108 |    }
2109 |  }
2110 |  @import url('https://fonts.googleapis.com/css2?family=Inter:wght@300;400;500;600;700;800&family=Outfit:wght@300;400;5...
     |  ^^^^^^^^^^^^^^^^^^^^^^^^^^^^^^^^^^^^^^^^^^^^^^^^^^^^^^^^^^^^^^^^^^^^^^^^^^^^^^^^^^^^^^^^^^^^^^^^^^^^^^^^^^^^^^^^^^^^^^^^
2111 |  :root {
2112 |    font-family: 'Inter', system-ui, -apple-system, sans-serif;[39m

> frontend@0.0.0 dev
> vite


  [32m[1mVITE[22m v8.0.3[39m  [2mready in [0m[1m280[22m[2m[0m ms[22m

  [32m➜[39m  [1mLocal[22m:   [36mhttp://localhost:[1m5173[22m/[39m
[2m  [32m➜[39m  [1mNetwork[22m[2m: use [22m[1m--host[22m[2m to expose[22m
[2m[32m  ➜[39m[22m[2m  press [22m[1mh + enter[22m[2m to show help[22m
[33m[vite:css][postcss] @import must precede all other statements (besides @charset or empty @layer)
2108 |    }
2109 |  }
2110 |  @import url('https://fonts.googleapis.com/css2?family=Inter:wght@300;400;500;600;700;800&family=Outfit:wght@300;400;5...
     |  ^^^^^^^^^^^^^^^^^^^^^^^^^^^^^^^^^^^^^^^^^^^^^^^^^^^^^^^^^^^^^^^^^^^^^^^^^^^^^^^^^^^^^^^^^^^^^^^^^^^^^^^^^^^^^^^^^^^^^^^^
2111 |  :root {
2112 |    font-family: 'Inter', system-ui, -apple-system, sans-serif;[39m
[2m22:26:18[22m [36m[1m[vite][22m[39m [90m[2m(client)[22m[39m [32mhmr update [39m[2m/src/index.css[22m
[33m[vite:css][postcss] @import must precede all other statements (besides @charset or empty @layer)
2108 |    }
2109 |  }
2110 |  @import url('https://fonts.googleapis.com/css2?family=Inter:wght@300;400;500;600;700;800&family=Outfit:wght@300;400;5...
     |  ^^^^^^^^^^^^^^^^^^^^^^^^^^^^^^^^^^^^^^^^^^^^^^^^^^^^^^^^^^^^^^^^^^^^^^^^^^^^^^^^^^^^^^^^^^^^^^^^^^^^^^^^^^^^^^^^^^^^^^^^
2111 |  :root {
2112 |    font-family: 'Inter', system-ui, -apple-system, sans-serif;[39m

> frontend@0.0.0 dev
> vite

[2m22:26:35[22m [36m[1m[vite][22m[39m [90m[2m(client)[22m[39m Re-optimizing dependencies because vite config has changed

  [32m[1mVITE[22m v8.0.3[39m  [2mready in [0m[1m318[22m[2m[0m ms[22m

  [32m➜[39m  [1mLocal[22m:   [36mhttp://localhost:[1m5173[22m/[39m
[2m  [32m➜[39m  [1mNetwork[22m[2m: use [22m[1m--host[22m[2m to expose[22m
[2m[32m  ➜[39m[22m[2m  press [22m[1mh + enter[22m[2m to show help[22m
[33m[vite:css][postcss] @import must precede all other statements (besides @charset or empty @layer)
2108 |    }
2109 |  }
2110 |  @import url('https://fonts.googleapis.com/css2?family=Inter:wght@300;400;500;600;700;800&family=Outfit:wght@300;400;5...
     |  ^^^^^^^^^^^^^^^^^^^^^^^^^^^^^^^^^^^^^^^^^^^^^^^^^^^^^^^^^^^^^^^^^^^^^^^^^^^^^^^^^^^^^^^^^^^^^^^^^^^^^^^^^^^^^^^^^^^^^^^^
2111 |  :root {
2112 |    font-family: 'Inter', system-ui, -apple-system, sans-serif;[39m
[2m22:26:37[22m [33m[1m[vite][22m[39m [33m[2m(client)[22m[39m [2m[console.warn] [22mThe width(-1) and height(-1) of chart should be greater than 0,
       please check the style of container, or the props width(100%) and height(100%),
       or add a minWidth(0) or minHeight(undefined) or use aspect(undefined) to control the
       height and width.
[2m22:26:37[22m [33m[1m[vite][22m[39m [33m[2m(client)[22m[39m [2m[console.warn] [22mThe width(-1) and height(-1) of chart should be greater than 0,
       please check the style of container, or the props width(100%) and height(100%),
       or add a minWidth(0) or minHeight(undefined) or use aspect(undefined) to control the
       height and width.
[2m22:26:52[22m [31m[1m[vite][22m[39m [31m[2m(client)[22m[39m [31m[Unhandled error] [1mReferenceError[22m: handleNewChat is not defined
[39m > ChatTerminal src/components/ChatTerminal.jsx:158:27
    156 |          <div className="p-4 border-b border-gray-800 flex items-center justify-between">
    157 |            <h3 className="text-[10px] font-black text-gray-500 uppercase tracking-[0.2em]">{t('chat_history')}</h3>
    158 |            <button onClick={handleNewChat} className="p-1.5 bg-primary/10 text-primary rounded-lg hover:bg-primary/20 ...
        |                             ^
    159 |              <Plus className="h-4 w-4" />
    160 |            </button>
 > Object.react_stack_bottom_frame node_modules/react-dom/cjs/react-dom-client.development.js:25904:19
 > renderWithHooks node_modules/react-dom/cjs/react-dom-client.development.js:7662:21
 > updateFunctionComponent node_modules/react-dom/cjs/react-dom-client.development.js:10166:18
 > beginWork node_modules/react-dom/cjs/react-dom-client.development.js:11778:17
 > runWithFiberInDEV node_modules/react-dom/cjs/react-dom-client.development.js:871:29
 > performUnitOfWork node_modules/react-dom/cjs/react-dom-client.development.js:17641:21
 > workLoopSync node_modules/react-dom/cjs/react-dom-client.development.js:17469:40
 > renderRootSync node_modules/react-dom/cjs/react-dom-client.development.js:17450:10
 > performWorkOnRoot node_modules/react-dom/cjs/react-dom-client.development.js:16583:34

[2m22:26:52[22m [33m[1m[vite][22m[39m [33m[2m(client)[22m[39m [2m[console.warn] [22mAn error occurred in the <ChatTerminal> component.

Consider adding an error boundary to your tree to customize error handling behavior.
Visit https://react.dev/link/error-boundaries to learn more about error boundaries.

[2m22:28:20[22m [36m[1m[vite][22m[39m [90m[2m(client)[22m[39m [32mhmr update [39m[2m/src/index.css, /src/components/ChatTerminal.jsx[22m
[33m[vite:css][postcss] @import must precede all other statements (besides @charset or empty @layer)
2108 |    }
2109 |  }
2110 |  @import url('https://fonts.googleapis.com/css2?family=Inter:wght@300;400;500;600;700;800&family=Outfit:wght@300;400;5...
     |  ^^^^^^^^^^^^^^^^^^^^^^^^^^^^^^^^^^^^^^^^^^^^^^^^^^^^^^^^^^^^^^^^^^^^^^^^^^^^^^^^^^^^^^^^^^^^^^^^^^^^^^^^^^^^^^^^^^^^^^^^
2111 |  :root {
2112 |    font-family: 'Inter', system-ui, -apple-system, sans-serif;[39m
[2m22:28:21[22m [33m[1m[vite][22m[39m [33m[2m(client)[22m[39m [2m[console.warn] [22mThe width(-1) and height(-1) of chart should be greater than 0,
       please check the style of container, or the props width(100%) and height(100%),
       or add a minWidth(0) or minHeight(undefined) or use aspect(undefined) to control the
       height and width.
[2m22:28:21[22m [33m[1m[vite][22m[39m [33m[2m(client)[22m[39m [2m[console.warn] [22mThe width(-1) and height(-1) of chart should be greater than 0,
       please check the style of container, or the props width(100%) and height(100%),
       or add a minWidth(0) or minHeight(undefined) or use aspect(undefined) to control the
       height and width.
[2m22:28:27[22m [33m[1m[vite][22m[39m [33m[2m(client)[22m[39m [2m[console.warn] [22mThe width(-1) and height(-1) of chart should be greater than 0,
       please check the style of container, or the props width(100%) and height(100%),
       or add a minWidth(0) or minHeight(undefined) or use aspect(undefined) to control the
       height and width.
[2m22:28:27[22m [33m[1m[vite][22m[39m [33m[2m(client)[22m[39m [2m[console.warn] [22mThe width(-1) and height(-1) of chart should be greater than 0,
       please check the style of container, or the props width(100%) and height(100%),
       or add a minWidth(0) or minHeight(undefined) or use aspect(undefined) to control the
       height and width.
[2m22:28:54[22m [33m[1m[vite][22m[39m [33m[2m(client)[22m[39m [2m[console.warn] [22mThe width(-1) and height(-1) of chart should be greater than 0,
       please check the style of container, or the props width(100%) and height(100%),
       or add a minWidth(0) or minHeight(undefined) or use aspect(undefined) to control the
       height and width.
[2m22:28:54[22m [33m[1m[vite][22m[39m [33m[2m(client)[22m[39m [2m[console.warn] [22mThe width(-1) and height(-1) of chart should be greater than 0,
       please check the style of container, or the props width(100%) and height(100%),
       or add a minWidth(0) or minHeight(undefined) or use aspect(undefined) to control the
       height and width.
[2m22:29:46[22m [33m[1m[vite][22m[39m [33m[2m(client)[22m[39m [2m[console.warn] [22mThe width(-1) and height(-1) of chart should be greater than 0,
       please check the style of container, or the props width(100%) and height(100%),
       or add a minWidth(0) or minHeight(undefined) or use aspect(undefined) to control the
       height and width.
[2m22:29:46[22m [33m[1m[vite][22m[39m [33m[2m(client)[22m[39m [2m[console.warn] [22mThe width(-1) and height(-1) of chart should be greater than 0,
       please check the style of container, or the props width(100%) and height(100%),
       or add a minWidth(0) or minHeight(undefined) or use aspect(undefined) to control the
       height and width.
[2m22:29:57[22m [31m[1m[vite][22m[39m [31m[2m(client)[22m[39m [31m[Unhandled error] [1mReferenceError[22m: Activity is not defined
[39m > PerformanceTuner src/components/PerformanceTuner.jsx:213:15
    211 |            <div className="bg-[#1a1a1a]/40 border border-gray-800 rounded-[2rem] p-6 space-y-6">
    212 |              <h4 className="text-[10px] font-black text-gray-500 uppercase tracking-widest flex items-center gap-2">
    213 |                <Activity className="h-3 w-3" /> Hardware Analytics
        |                 ^
    214 |              </h4>
    215 |              
 > Object.react_stack_bottom_frame node_modules/react-dom/cjs/react-dom-client.development.js:25904:19
 > renderWithHooks node_modules/react-dom/cjs/react-dom-client.development.js:7662:21
 > updateFunctionComponent node_modules/react-dom/cjs/react-dom-client.development.js:10166:18
 > beginWork node_modules/react-dom/cjs/react-dom-client.development.js:11778:17
 > runWithFiberInDEV node_modules/react-dom/cjs/react-dom-client.development.js:871:29
 > performUnitOfWork node_modules/react-dom/cjs/react-dom-client.development.js:17641:21
 > workLoopSync node_modules/react-dom/cjs/react-dom-client.development.js:17469:40
 > renderRootSync node_modules/react-dom/cjs/react-dom-client.development.js:17450:10
 > performWorkOnRoot node_modules/react-dom/cjs/react-dom-client.development.js:16583:34

[2m22:29:57[22m [33m[1m[vite][22m[39m [33m[2m(client)[22m[39m [2m[console.warn] [22mAn error occurred in the <PerformanceTuner> component.

Consider adding an error boundary to your tree to customize error handling behavior.
Visit https://react.dev/link/error-boundaries to learn more about error boundaries.

[2m22:30:00[22m [33m[1m[vite][22m[39m [33m[2m(client)[22m[39m [2m[console.warn] [22mThe width(-1) and height(-1) of chart should be greater than 0,
       please check the style of container, or the props width(100%) and height(100%),
       or add a minWidth(0) or minHeight(undefined) or use aspect(undefined) to control the
       height and width.
[2m22:30:00[22m [33m[1m[vite][22m[39m [33m[2m(client)[22m[39m [2m[console.warn] [22mThe width(-1) and height(-1) of chart should be greater than 0,
       please check the style of container, or the props width(100%) and height(100%),
       or add a minWidth(0) or minHeight(undefined) or use aspect(undefined) to control the
       height and width.
[2m22:30:02[22m [31m[1m[vite][22m[39m [31m[2m(client)[22m[39m [31m[Unhandled error] [1mReferenceError[22m: Activity is not defined
[39m > PerformanceTuner src/components/PerformanceTuner.jsx:213:15
    211 |            <div className="bg-[#1a1a1a]/40 border border-gray-800 rounded-[2rem] p-6 space-y-6">
    212 |              <h4 className="text-[10px] font-black text-gray-500 uppercase tracking-widest flex items-center gap-2">
    213 |                <Activity className="h-3 w-3" /> Hardware Analytics
        |                 ^
    214 |              </h4>
    215 |              
 > Object.react_stack_bottom_frame node_modules/react-dom/cjs/react-dom-client.development.js:25904:19
 > renderWithHooks node_modules/react-dom/cjs/react-dom-client.development.js:7662:21
 > updateFunctionComponent node_modules/react-dom/cjs/react-dom-client.development.js:10166:18
 > beginWork node_modules/react-dom/cjs/react-dom-client.development.js:11778:17
 > runWithFiberInDEV node_modules/react-dom/cjs/react-dom-client.development.js:871:29
 > performUnitOfWork node_modules/react-dom/cjs/react-dom-client.development.js:17641:21
 > workLoopSync node_modules/react-dom/cjs/react-dom-client.development.js:17469:40
 > renderRootSync node_modules/react-dom/cjs/react-dom-client.development.js:17450:10
 > performWorkOnRoot node_modules/react-dom/cjs/react-dom-client.development.js:16583:34

[2m22:30:02[22m [33m[1m[vite][22m[39m [33m[2m(client)[22m[39m [2m[console.warn] [22mAn error occurred in the <PerformanceTuner> component.

Consider adding an error boundary to your tree to customize error handling behavior.
Visit https://react.dev/link/error-boundaries to learn more about error boundaries.

[2m22:35:41[22m [33m[1m[vite][22m[39m [33m[2m(client)[22m[39m [2m[console.warn] [22mThe width(-1) and height(-1) of chart should be greater than 0,
       please check the style of container, or the props width(100%) and height(100%),
       or add a minWidth(0) or minHeight(undefined) or use aspect(undefined) to control the
       height and width.
[2m22:35:41[22m [33m[1m[vite][22m[39m [33m[2m(client)[22m[39m [2m[console.warn] [22mThe width(-1) and height(-1) of chart should be greater than 0,
       please check the style of container, or the props width(100%) and height(100%),
       or add a minWidth(0) or minHeight(undefined) or use aspect(undefined) to control the
       height and width.
[2m22:36:38[22m [33m[1m[vite][22m[39m [33m[2m(client)[22m[39m [2m[console.warn] [22mThe width(-1) and height(-1) of chart should be greater than 0,
       please check the style of container, or the props width(100%) and height(100%),
       or add a minWidth(0) or minHeight(undefined) or use aspect(undefined) to control the
       height and width.
[2m22:36:38[22m [33m[1m[vite][22m[39m [33m[2m(client)[22m[39m [2m[console.warn] [22mThe width(-1) and height(-1) of chart should be greater than 0,
       please check the style of container, or the props width(100%) and height(100%),
       or add a minWidth(0) or minHeight(undefined) or use aspect(undefined) to control the
       height and width.
[2m22:36:41[22m [31m[1m[vite][22m[39m [31m[2m(client)[22m[39m [31m[Unhandled error] [1mReferenceError[22m: Activity is not defined
[39m > PerformanceTuner src/components/PerformanceTuner.jsx:213:15
    211 |            <div className="bg-[#1a1a1a]/40 border border-gray-800 rounded-[2rem] p-6 space-y-6">
    212 |              <h4 className="text-[10px] font-black text-gray-500 uppercase tracking-widest flex items-center gap-2">
    213 |                <Activity className="h-3 w-3" /> Hardware Analytics
        |                 ^
    214 |              </h4>
    215 |              
 > Object.react_stack_bottom_frame node_modules/react-dom/cjs/react-dom-client.development.js:25904:19
 > renderWithHooks node_modules/react-dom/cjs/react-dom-client.development.js:7662:21
 > updateFunctionComponent node_modules/react-dom/cjs/react-dom-client.development.js:10166:18
 > beginWork node_modules/react-dom/cjs/react-dom-client.development.js:11778:17
 > runWithFiberInDEV node_modules/react-dom/cjs/react-dom-client.development.js:871:29
 > performUnitOfWork node_modules/react-dom/cjs/react-dom-client.development.js:17641:21
 > workLoopSync node_modules/react-dom/cjs/react-dom-client.development.js:17469:40
 > renderRootSync node_modules/react-dom/cjs/react-dom-client.development.js:17450:10
 > performWorkOnRoot node_modules/react-dom/cjs/react-dom-client.development.js:16583:34

[2m22:36:41[22m [33m[1m[vite][22m[39m [33m[2m(client)[22m[39m [2m[console.warn] [22mAn error occurred in the <PerformanceTuner> component.

Consider adding an error boundary to your tree to customize error handling behavior.
Visit https://react.dev/link/error-boundaries to learn more about error boundaries.

[2m22:36:46[22m [33m[1m[vite][22m[39m [33m[2m(client)[22m[39m [2m[console.warn] [22mThe width(-1) and height(-1) of chart should be greater than 0,
       please check the style of container, or the props width(100%) and height(100%),
       or add a minWidth(0) or minHeight(undefined) or use aspect(undefined) to control the
       height and width.
[2m22:36:46[22m [33m[1m[vite][22m[39m [33m[2m(client)[22m[39m [2m[console.warn] [22mThe width(-1) and height(-1) of chart should be greater than 0,
       please check the style of container, or the props width(100%) and height(100%),
       or add a minWidth(0) or minHeight(undefined) or use aspect(undefined) to control the
       height and width.
[2m22:37:16[22m [33m[1m[vite][22m[39m [33m[2m(client)[22m[39m [2m[console.warn] [22mThe width(-1) and height(-1) of chart should be greater than 0,
       please check the style of container, or the props width(100%) and height(100%),
       or add a minWidth(0) or minHeight(undefined) or use aspect(undefined) to control the
       height and width.
[2m22:37:16[22m [33m[1m[vite][22m[39m [33m[2m(client)[22m[39m [2m[console.warn] [22mThe width(-1) and height(-1) of chart should be greater than 0,
       please check the style of container, or the props width(100%) and height(100%),
       or add a minWidth(0) or minHeight(undefined) or use aspect(undefined) to control the
       height and width.
[2m22:37:29[22m [31m[1m[vite][22m[39m [31m[2m(client)[22m[39m [31m[Unhandled error] [1mReferenceError[22m: Activity is not defined
[39m > PerformanceTuner src/components/PerformanceTuner.jsx:213:15
    211 |            <div className="bg-[#1a1a1a]/40 border border-gray-800 rounded-[2rem] p-6 space-y-6">
    212 |              <h4 className="text-[10px] font-black text-gray-500 uppercase tracking-widest flex items-center gap-2">
    213 |                <Activity className="h-3 w-3" /> Hardware Analytics
        |                 ^
    214 |              </h4>
    215 |              
 > Object.react_stack_bottom_frame node_modules/react-dom/cjs/react-dom-client.development.js:25904:19
 > renderWithHooks node_modules/react-dom/cjs/react-dom-client.development.js:7662:21
 > updateFunctionComponent node_modules/react-dom/cjs/react-dom-client.development.js:10166:18
 > beginWork node_modules/react-dom/cjs/react-dom-client.development.js:11778:17
 > runWithFiberInDEV node_modules/react-dom/cjs/react-dom-client.development.js:871:29
 > performUnitOfWork node_modules/react-dom/cjs/react-dom-client.development.js:17641:21
 > workLoopSync node_modules/react-dom/cjs/react-dom-client.development.js:17469:40
 > renderRootSync node_modules/react-dom/cjs/react-dom-client.development.js:17450:10
 > performWorkOnRoot node_modules/react-dom/cjs/react-dom-client.development.js:16583:34

[2m22:37:29[22m [33m[1m[vite][22m[39m [33m[2m(client)[22m[39m [2m[console.warn] [22mAn error occurred in the <PerformanceTuner> component.

Consider adding an error boundary to your tree to customize error handling behavior.
Visit https://react.dev/link/error-boundaries to learn more about error boundaries.

[2m22:38:12[22m [33m[1m[vite][22m[39m [33m[2m(client)[22m[39m [2m[console.warn] [22mThe width(-1) and height(-1) of chart should be greater than 0,
       please check the style of container, or the props width(100%) and height(100%),
       or add a minWidth(0) or minHeight(undefined) or use aspect(undefined) to control the
       height and width.
[2m22:38:12[22m [33m[1m[vite][22m[39m [33m[2m(client)[22m[39m [2m[console.warn] [22mThe width(-1) and height(-1) of chart should be greater than 0,
       please check the style of container, or the props width(100%) and height(100%),
       or add a minWidth(0) or minHeight(undefined) or use aspect(undefined) to control the
       height and width.
[2m22:50:59[22m [33m[1m[vite][22m[39m [33m[2m(client)[22m[39m [2m[console.warn] [22mThe width(-1) and height(-1) of chart should be greater than 0,
       please check the style of container, or the props width(100%) and height(100%),
       or add a minWidth(0) or minHeight(undefined) or use aspect(undefined) to control the
       height and width.
[2m22:50:59[22m [33m[1m[vite][22m[39m [33m[2m(client)[22m[39m [2m[console.warn] [22mThe width(-1) and height(-1) of chart should be greater than 0,
       please check the style of container, or the props width(100%) and height(100%),
       or add a minWidth(0) or minHeight(undefined) or use aspect(undefined) to control the
       height and width.

> frontend@0.0.0 dev
> vite

[2m23:18:27[22m [36m[1m[vite][22m[39m [90m[2m(client)[22m[39m Re-optimizing dependencies because vite config has changed

  [32m[1mVITE[22m v8.0.3[39m  [2mready in [0m[1m671[22m[2m[0m ms[22m

  [32m➜[39m  [1mLocal[22m:   [36mhttp://localhost:[1m5173[22m/[39m
[2m  [32m➜[39m  [1mNetwork[22m[2m: use [22m[1m--host[22m[2m to expose[22m
[2m[32m  ➜[39m[22m[2m  press [22m[1mh + enter[22m[2m to show help[22m
[33m[vite:css][postcss] @import must precede all other statements (besides @charset or empty @layer)
2108 |    }
2109 |  }
2110 |  @import url('https://fonts.googleapis.com/css2?family=Inter:wght@300;400;500;600;700;800&family=Outfit:wght@300;400;5...
     |  ^^^^^^^^^^^^^^^^^^^^^^^^^^^^^^^^^^^^^^^^^^^^^^^^^^^^^^^^^^^^^^^^^^^^^^^^^^^^^^^^^^^^^^^^^^^^^^^^^^^^^^^^^^^^^^^^^^^^^^^^
2111 |  :root {
2112 |    font-family: 'Inter', system-ui, -apple-system, sans-serif;[39m

> frontend@0.0.0 dev
> vite


  [32m[1mVITE[22m v8.0.3[39m  [2mready in [0m[1m282[22m[2m[0m ms[22m

  [32m➜[39m  [1mLocal[22m:   [36mhttp://localhost:[1m5173[22m/[39m
[2m  [32m➜[39m  [1mNetwork[22m[2m: use [22m[1m--host[22m[2m to expose[22m
[2m[32m  ➜[39m[22m[2m  press [22m[1mh + enter[22m[2m to show help[22m
[33m[vite:css][postcss] @import must precede all other statements (besides @charset or empty @layer)
2108 |    }
2109 |  }
2110 |  @import url('https://fonts.googleapis.com/css2?family=Inter:wght@300;400;500;600;700;800&family=Outfit:wght@300;400;5...
     |  ^^^^^^^^^^^^^^^^^^^^^^^^^^^^^^^^^^^^^^^^^^^^^^^^^^^^^^^^^^^^^^^^^^^^^^^^^^^^^^^^^^^^^^^^^^^^^^^^^^^^^^^^^^^^^^^^^^^^^^^^
2111 |  :root {
2112 |    font-family: 'Inter', system-ui, -apple-system, sans-serif;[39m
